#
# There is insufficient memory for the Java Runtime Environment to continue.
# Native memory allocation (malloc) failed to allocate 1063376 bytes for Chunk::new
# Possible reasons:
#   The system is out of physical RAM or swap space
#   The process is running with CompressedOops enabled, and the Java Heap may be blocking the growth of the native heap
# Possible solutions:
#   Reduce memory load on the system
#   Increase physical memory or swap space
#   Check if swap backing store is full
#   Decrease Java heap size (-Xmx/-Xms)
#   Decrease number of Java threads
#   Decrease Java thread stack sizes (-Xss)
#   Set larger code cache with -XX:ReservedCodeCacheSize=
#   JVM is running with Unscaled Compressed Oops mode in which the Java heap is
#     placed in the first 4GB address space. The Java Heap base address is the
#     maximum limit for the native heap growth. Please use -XX:HeapBaseMinAddress
#     to set the Java Heap base and to place the Java Heap above 4GB virtual address.
# This output file may be truncated or incomplete.
#
#  Out of Memory Error (allocation.cpp:389), pid=14680, tid=0x0000000000002d40
#
# JRE version: Java(TM) SE Runtime Environment (8.0_251-b08) (build 1.8.0_251-b08)
# Java VM: Java HotSpot(TM) 64-Bit Server VM (25.251-b08 mixed mode windows-amd64 compressed oops)
# Failed to write core dump. Minidumps are not enabled by default on client versions of Windows
#

---------------  T H R E A D  ---------------

Current thread (0x0000000018cb3800):  JavaThread "C2 CompilerThread0" daemon [_thread_in_native, id=11584, stack(0x0000000018f50000,0x0000000019050000)]

Stack: [0x0000000018f50000,0x0000000019050000]
[error occurred during error reporting (printing stack bounds), id 0xc0000005]

Native frames: (J=compiled Java code, j=interpreted, Vv=VM code, C=native code)


Current CompileTask:
C2:   4814 1080       4       sun.misc.URLClassPath::getResource (83 bytes)


---------------  P R O C E S S  ---------------

Java Threads: ( => current thread )
  0x0000000019cd0000 JavaThread "localhost-startStop-1" daemon [_thread_in_vm, id=10896, stack(0x000000001b560000,0x000000001b660000)]
  0x0000000019ccf800 JavaThread "Tomcat-startStop-1" daemon [_thread_blocked, id=9376, stack(0x000000001b460000,0x000000001b560000)]
  0x0000000019bc4000 JavaThread "NioBlockingSelector.BlockPoller-1" daemon [_thread_in_native, id=7408, stack(0x000000001b160000,0x000000001b260000)]
  0x0000000018d4b800 JavaThread "Service Thread" daemon [_thread_blocked, id=11364, stack(0x0000000019250000,0x0000000019350000)]
  0x0000000018bff800 JavaThread "C1 CompilerThread2" daemon [_thread_in_native, id=9888, stack(0x0000000019150000,0x0000000019250000)]
  0x0000000018cb4800 JavaThread "C2 CompilerThread1" daemon [_thread_in_native, id=10708, stack(0x0000000019050000,0x0000000019150000)]
=>0x0000000018cb3800 JavaThread "C2 CompilerThread0" daemon [_thread_in_native, id=11584, stack(0x0000000018f50000,0x0000000019050000)]
  0x0000000018cb2000 JavaThread "Monitor Ctrl-Break" daemon [_thread_in_native, id=14688, stack(0x0000000018e50000,0x0000000018f50000)]
  0x00000000173e9000 JavaThread "Attach Listener" daemon [_thread_blocked, id=12336, stack(0x0000000018950000,0x0000000018a50000)]
  0x00000000173e8800 JavaThread "Signal Dispatcher" daemon [_thread_blocked, id=352, stack(0x0000000018850000,0x0000000018950000)]
  0x000000000286a000 JavaThread "Finalizer" daemon [_thread_blocked, id=2108, stack(0x0000000018640000,0x0000000018740000)]
  0x00000000173ca000 JavaThread "Reference Handler" daemon [_thread_blocked, id=3124, stack(0x0000000018540000,0x0000000018640000)]
  0x0000000002776000 JavaThread "main" [_thread_blocked, id=5888, stack(0x0000000002570000,0x0000000002670000)]

Other Threads:
  0x00000000173a8000 VMThread [stack: 0x0000000018440000,0x0000000018540000] [id=2648]
  0x0000000018dcc000 WatcherThread [stack: 0x0000000019350000,0x0000000019450000] [id=8044]

VM state:not at safepoint (normal execution)

VM Mutex/Monitor currently owned by a thread: None

heap address: 0x0000000081400000, size: 2028 MB, Compressed Oops mode: 32-bit
Narrow klass base: 0x0000000000000000, Narrow klass shift: 3
Compressed class space size: 1073741824 Address: 0x0000000100000000

Heap:
 PSYoungGen      total 38400K, used 22779K [0x00000000d5c00000, 0x00000000d8680000, 0x0000000100000000)
  eden space 33280K, 53% used [0x00000000d5c00000,0x00000000d6d59ad8,0x00000000d7c80000)
  from space 5120K, 97% used [0x00000000d7c80000,0x00000000d8165150,0x00000000d8180000)
  to   space 5120K, 0% used [0x00000000d8180000,0x00000000d8180000,0x00000000d8680000)
 ParOldGen       total 87552K, used 72K [0x0000000081400000, 0x0000000086980000, 0x00000000d5c00000)
  object space 87552K, 0% used [0x0000000081400000,0x0000000081412010,0x0000000086980000)
 Metaspace       used 12476K, capacity 12678K, committed 13056K, reserved 1060864K
  class space    used 1377K, capacity 1457K, committed 1536K, reserved 1048576K

Card table byte_map: [0x0000000011c30000,0x0000000012030000] byte_map_base: 0x0000000011826000

Marking Bits: (ParMarkBitMap*) 0x000000007793af90
 Begin Bits: [0x00000000126e0000, 0x0000000014690000)
 End Bits:   [0x0000000014690000, 0x0000000016640000)

Polling page: 0x0000000000b50000

CodeCache: size=245760Kb used=4544Kb max_used=4544Kb free=241215Kb
 bounds [0x0000000002870000, 0x0000000002cf0000, 0x0000000011870000]
 total_blobs=1527 nmethods=1153 adapters=287
 compilation: enabled

Compilation events (10 events):
Event: 4.798 Thread 0x0000000018bff800 nmethod 1152 0x0000000002cdca10 code [0x0000000002cdcb60, 0x0000000002cdcc70]
Event: 4.800 Thread 0x0000000018bff800 1153       3       org.apache.tomcat.util.bcel.classfile.Constant::readConstant (203 bytes)
Event: 4.805 Thread 0x0000000018bff800 nmethod 1153 0x0000000002cdccd0 code [0x0000000002cdd040, 0x0000000002cde928]
Event: 4.805 Thread 0x0000000018bff800 1154       3       org.apache.tomcat.util.bcel.classfile.Constant::<init> (10 bytes)
Event: 4.805 Thread 0x0000000018bff800 nmethod 1154 0x0000000002cdf750 code [0x0000000002cdf8a0, 0x0000000002cdfa50]
Event: 4.805 Thread 0x0000000018bff800 1157       3       java.io.DataInputStream::skipBytes (35 bytes)
Event: 4.806 Thread 0x0000000018bff800 nmethod 1157 0x0000000002cdfb10 code [0x0000000002cdfc80, 0x0000000002cdffc8]
Event: 4.806 Thread 0x0000000018bff800 1155  s    3       java.io.BufferedInputStream::skip (98 bytes)
Event: 4.808 Thread 0x0000000018bff800 nmethod 1155 0x0000000002ce00d0 code [0x0000000002ce02a0, 0x0000000002ce0bb8]
Event: 4.808 Thread 0x0000000018bff800 1156       3       org.apache.tomcat.util.bcel.classfile.Utility::skipFully (22 bytes)

GC Heap History (2 events):
Event: 3.853 GC heap before
{Heap before GC invocations=1 (full 0):
 PSYoungGen      total 38400K, used 33280K [0x00000000d5c00000, 0x00000000d8680000, 0x0000000100000000)
  eden space 33280K, 100% used [0x00000000d5c00000,0x00000000d7c80000,0x00000000d7c80000)
  from space 5120K, 0% used [0x00000000d8180000,0x00000000d8180000,0x00000000d8680000)
  to   space 5120K, 0% used [0x00000000d7c80000,0x00000000d7c80000,0x00000000d8180000)
 ParOldGen       total 87552K, used 0K [0x0000000081400000, 0x0000000086980000, 0x00000000d5c00000)
  object space 87552K, 0% used [0x0000000081400000,0x0000000081400000,0x0000000086980000)
 Metaspace       used 11416K, capacity 11622K, committed 11904K, reserved 1060864K
  class space    used 1271K, capacity 1361K, committed 1408K, reserved 1048576K
Event: 3.870 GC heap after
Heap after GC invocations=1 (full 0):
 PSYoungGen      total 38400K, used 5012K [0x00000000d5c00000, 0x00000000d8680000, 0x0000000100000000)
  eden space 33280K, 0% used [0x00000000d5c00000,0x00000000d5c00000,0x00000000d7c80000)
  from space 5120K, 97% used [0x00000000d7c80000,0x00000000d8165150,0x00000000d8180000)
  to   space 5120K, 0% used [0x00000000d8180000,0x00000000d8180000,0x00000000d8680000)
 ParOldGen       total 87552K, used 72K [0x0000000081400000, 0x0000000086980000, 0x00000000d5c00000)
  object space 87552K, 0% used [0x0000000081400000,0x0000000081412010,0x0000000086980000)
 Metaspace       used 11416K, capacity 11622K, committed 11904K, reserved 1060864K
  class space    used 1271K, capacity 1361K, committed 1408K, reserved 1048576K
}

Deoptimization events (10 events):
Event: 2.694 Thread 0x0000000002776000 Uncommon trap: reason=unstable_if action=reinterpret pc=0x0000000002b83580 method=com.sun.org.apache.xerces.internal.util.SymbolTable.addSymbol([CII)Ljava/lang/String; @ 38
Event: 2.815 Thread 0x0000000002776000 Uncommon trap: reason=unstable_if action=reinterpret pc=0x0000000002a3fe0c method=sun.misc.MetaIndex.mayContain(Ljava/lang/String;)Z @ 38
Event: 2.817 Thread 0x0000000002776000 Uncommon trap: reason=unstable_if action=reinterpret pc=0x0000000002a3c794 method=sun.misc.MetaIndex.mayContain(Ljava/lang/String;)Z @ 38
Event: 2.988 Thread 0x0000000002776000 Uncommon trap: reason=class_check action=maybe_recompile pc=0x0000000002a38a90 method=java.util.Properties$LineReader.readLine()I @ 62
Event: 2.989 Thread 0x0000000002776000 Uncommon trap: reason=unstable_if action=reinterpret pc=0x0000000002a38a60 method=java.util.Properties$LineReader.readLine()I @ 440
Event: 2.989 Thread 0x0000000002776000 Uncommon trap: reason=unstable_if action=reinterpret pc=0x0000000002a3bbbc method=java.util.Properties$LineReader.readLine()I @ 440
Event: 2.990 Thread 0x0000000002776000 Uncommon trap: reason=unstable_if action=reinterpret pc=0x0000000002a2e79c method=java.util.Properties.loadConvert([CII[C)Ljava/lang/String; @ 4
Event: 3.554 Thread 0x0000000002776000 Uncommon trap: reason=unstable_if action=reinterpret pc=0x0000000002a48fac method=java.io.WinNTFileSystem.normalize(Ljava/lang/String;)Ljava/lang/String; @ 128
Event: 3.674 Thread 0x0000000002776000 Uncommon trap: reason=unstable_if action=reinterpret pc=0x0000000002ba2930 method=java.lang.reflect.Modifier.isPublic(I)Z @ 3
Event: 4.079 Thread 0x0000000019cd0000 Uncommon trap: reason=unstable_if action=reinterpret pc=0x0000000002bbc64c method=java.util.HashMap.hash(Ljava/lang/Object;)I @ 1

Classes redefined (0 events):
No events

Internal exceptions (10 events):
Event: 1.972 Thread 0x0000000002776000 Exception <a 'java/lang/ArrayIndexOutOfBoundsException'> (0x00000000d6beca48) thrown at [C:\jenkins\workspace\8-2-build-windows-amd64-cygwin\jdk8u251\737\hotspot\src\share\vm\runtime\sharedRuntime.cpp, line 605]
Event: 1.975 Thread 0x0000000002776000 Exception <a 'java/lang/ArrayIndexOutOfBoundsException'> (0x00000000d6bf27a0) thrown at [C:\jenkins\workspace\8-2-build-windows-amd64-cygwin\jdk8u251\737\hotspot\src\share\vm\runtime\sharedRuntime.cpp, line 605]
Event: 2.004 Thread 0x0000000002776000 Exception <a 'java/lang/ArrayIndexOutOfBoundsException'> (0x00000000d6c1fc30) thrown at [C:\jenkins\workspace\8-2-build-windows-amd64-cygwin\jdk8u251\737\hotspot\src\share\vm\runtime\sharedRuntime.cpp, line 605]
Event: 2.005 Thread 0x0000000002776000 Exception <a 'java/lang/ArrayIndexOutOfBoundsException'> (0x00000000d6c212d0) thrown at [C:\jenkins\workspace\8-2-build-windows-amd64-cygwin\jdk8u251\737\hotspot\src\share\vm\runtime\sharedRuntime.cpp, line 605]
Event: 2.006 Thread 0x0000000002776000 Exception <a 'java/lang/ArrayIndexOutOfBoundsException'> (0x00000000d6c23c58) thrown at [C:\jenkins\workspace\8-2-build-windows-amd64-cygwin\jdk8u251\737\hotspot\src\share\vm\runtime\sharedRuntime.cpp, line 605]
Event: 2.027 Thread 0x0000000002776000 Exception <a 'java/lang/ArrayIndexOutOfBoundsException'> (0x00000000d6c50d00) thrown at [C:\jenkins\workspace\8-2-build-windows-amd64-cygwin\jdk8u251\737\hotspot\src\share\vm\runtime\sharedRuntime.cpp, line 605]
Event: 2.047 Thread 0x0000000002776000 Exception <a 'java/lang/ArrayIndexOutOfBoundsException'> (0x00000000d6c702f8) thrown at [C:\jenkins\workspace\8-2-build-windows-amd64-cygwin\jdk8u251\737\hotspot\src\share\vm\runtime\sharedRuntime.cpp, line 605]
Event: 3.731 Thread 0x0000000002776000 Exception <a 'java/lang/NoSuchFieldError': method resolution failed> (0x00000000d7926308) thrown at [C:\jenkins\workspace\8-2-build-windows-amd64-cygwin\jdk8u251\737\hotspot\src\share\vm\prims\methodHandles.cpp, line 1167]
Event: 3.735 Thread 0x0000000002776000 Exception <a 'java/lang/NoSuchFieldError': method resolution failed> (0x00000000d7934268) thrown at [C:\jenkins\workspace\8-2-build-windows-amd64-cygwin\jdk8u251\737\hotspot\src\share\vm\prims\methodHandles.cpp, line 1167]
Event: 4.079 Thread 0x0000000019cd0000 Implicit null exception at 0x0000000002bbc455 to 0x0000000002bbc63d

Events (10 events):
Event: 4.787 loading class org/apache/tomcat/util/bcel/classfile/ClassElementValue
Event: 4.787 loading class org/apache/tomcat/util/bcel/classfile/ClassElementValue done
Event: 4.788 loading class org/apache/tomcat/util/bcel/classfile/AnnotationElementValue
Event: 4.788 loading class org/apache/tomcat/util/bcel/classfile/AnnotationElementValue done
Event: 4.788 loading class org/apache/tomcat/util/bcel/classfile/ArrayElementValue
Event: 4.788 loading class org/apache/tomcat/util/bcel/classfile/ArrayElementValue done
Event: 4.790 loading class org/apache/tomcat/util/bcel/classfile/JavaClass
Event: 4.790 loading class org/apache/tomcat/util/bcel/classfile/JavaClass done
Event: 4.791 loading class org/apache/catalina/startup/ContextConfig$JavaClassCacheEntry
Event: 4.791 loading class org/apache/catalina/startup/ContextConfig$JavaClassCacheEntry done


Dynamic libraries:
0x00007ff6147e0000 - 0x00007ff614817000 	C:\Program Files\Java\jdk1.8.0_251\bin\java.exe
0x00007ffb70560000 - 0x00007ffb70750000 	C:\WINDOWS\SYSTEM32\ntdll.dll
0x00007ffb6eb00000 - 0x00007ffb6ebb2000 	C:\WINDOWS\System32\KERNEL32.DLL
0x00007ffb6dff0000 - 0x00007ffb6e294000 	C:\WINDOWS\System32\KERNELBASE.dll
0x00007ffb70460000 - 0x00007ffb70503000 	C:\WINDOWS\System32\ADVAPI32.dll
0x00007ffb6eed0000 - 0x00007ffb6ef6e000 	C:\WINDOWS\System32\msvcrt.dll
0x00007ffb6ebc0000 - 0x00007ffb6ec57000 	C:\WINDOWS\System32\sechost.dll
0x00007ffb6fc20000 - 0x00007ffb6fd40000 	C:\WINDOWS\System32\RPCRT4.dll
0x00007ffb6e610000 - 0x00007ffb6e7a4000 	C:\WINDOWS\System32\USER32.dll
0x00007ffb6e440000 - 0x00007ffb6e461000 	C:\WINDOWS\System32\win32u.dll
0x00007ffb70430000 - 0x00007ffb70456000 	C:\WINDOWS\System32\GDI32.dll
0x00007ffb6e2a0000 - 0x00007ffb6e434000 	C:\WINDOWS\System32\gdi32full.dll
0x00007ffb6d770000 - 0x00007ffb6d80e000 	C:\WINDOWS\System32\msvcp_win.dll
0x00007ffb6d670000 - 0x00007ffb6d76a000 	C:\WINDOWS\System32\ucrtbase.dll
0x00007ffb57a40000 - 0x00007ffb57cc4000 	C:\WINDOWS\WinSxS\amd64_microsoft.windows.common-controls_6595b64144ccf1df_6.0.18362.836_none_e6c4b943130f18ed\COMCTL32.dll
0x00007ffb6e7b0000 - 0x00007ffb6eae6000 	C:\WINDOWS\System32\combase.dll
0x00007ffb6d4f0000 - 0x00007ffb6d570000 	C:\WINDOWS\System32\bcryptPrimitives.dll
0x00007ffb6ec60000 - 0x00007ffb6ec8e000 	C:\WINDOWS\System32\IMM32.DLL
0x0000000077f20000 - 0x0000000077ff2000 	C:\Program Files\Java\jdk1.8.0_251\jre\bin\msvcr100.dll
0x0000000077110000 - 0x00000000779bb000 	C:\Program Files\Java\jdk1.8.0_251\jre\bin\server\jvm.dll
0x00007ffb6eaf0000 - 0x00007ffb6eaf8000 	C:\WINDOWS\System32\PSAPI.DLL
0x00007ffb5cb10000 - 0x00007ffb5cb19000 	C:\WINDOWS\SYSTEM32\WSOCK32.dll
0x00007ffb703c0000 - 0x00007ffb7042f000 	C:\WINDOWS\System32\WS2_32.dll
0x00007ffb68e90000 - 0x00007ffb68eb4000 	C:\WINDOWS\SYSTEM32\WINMM.dll
0x00007ffb64fe0000 - 0x00007ffb64fea000 	C:\WINDOWS\SYSTEM32\VERSION.dll
0x00007ffb68e60000 - 0x00007ffb68e8d000 	C:\WINDOWS\SYSTEM32\WINMMBASE.dll
0x00007ffb6e470000 - 0x00007ffb6e4ba000 	C:\WINDOWS\System32\cfgmgr32.dll
0x00007ffb682a0000 - 0x00007ffb682af000 	C:\Program Files\Java\jdk1.8.0_251\jre\bin\verify.dll
0x00007ffb677f0000 - 0x00007ffb67819000 	C:\Program Files\Java\jdk1.8.0_251\jre\bin\java.dll
0x00007ffb671b0000 - 0x00007ffb671d3000 	C:\Program Files\Java\jdk1.8.0_251\jre\bin\instrument.dll
0x00007ffb677d0000 - 0x00007ffb677e6000 	C:\Program Files\Java\jdk1.8.0_251\jre\bin\zip.dll
0x00007ffb6f490000 - 0x00007ffb6fb74000 	C:\WINDOWS\System32\SHELL32.dll
0x00007ffb6ec90000 - 0x00007ffb6ed39000 	C:\WINDOWS\System32\shcore.dll
0x00007ffb6d870000 - 0x00007ffb6dfee000 	C:\WINDOWS\System32\windows.storage.dll
0x00007ffb6d450000 - 0x00007ffb6d473000 	C:\WINDOWS\System32\profapi.dll
0x00007ffb6d480000 - 0x00007ffb6d4ca000 	C:\WINDOWS\System32\powrprof.dll
0x00007ffb6d420000 - 0x00007ffb6d430000 	C:\WINDOWS\System32\UMPDC.dll
0x00007ffb6ed40000 - 0x00007ffb6ed92000 	C:\WINDOWS\System32\shlwapi.dll
0x00007ffb6d430000 - 0x00007ffb6d441000 	C:\WINDOWS\System32\kernel.appcore.dll
0x00007ffb6d650000 - 0x00007ffb6d667000 	C:\WINDOWS\System32\cryptsp.dll
0x00007ffb67270000 - 0x00007ffb6728a000 	C:\Program Files\JetBrains\IntelliJ IDEA 2019.2.4\bin\breakgen64.dll
0x00007ffb67360000 - 0x00007ffb6737a000 	C:\Program Files\Java\jdk1.8.0_251\jre\bin\net.dll
0x00007ffb6cc90000 - 0x00007ffb6ccf7000 	C:\WINDOWS\system32\mswsock.dll
0x00007ffb675a0000 - 0x00007ffb675ad000 	C:\Program Files\Java\jdk1.8.0_251\jre\bin\management.dll
0x00007ffb67340000 - 0x00007ffb67352000 	C:\Program Files\Java\jdk1.8.0_251\jre\bin\nio.dll
0x00007ffb6c800000 - 0x00007ffb6c833000 	C:\WINDOWS\system32\rsaenh.dll
0x00007ffb6d620000 - 0x00007ffb6d646000 	C:\WINDOWS\System32\bcrypt.dll
0x00007ffb6d340000 - 0x00007ffb6d365000 	C:\WINDOWS\SYSTEM32\USERENV.dll
0x00007ffb6ce60000 - 0x00007ffb6ce6c000 	C:\WINDOWS\SYSTEM32\CRYPTBASE.dll
0x00007ffb6c9a0000 - 0x00007ffb6c9da000 	C:\WINDOWS\SYSTEM32\IPHLPAPI.DLL
0x00007ffb70510000 - 0x00007ffb70518000 	C:\WINDOWS\System32\NSI.dll
0x00007ffb5fbf0000 - 0x00007ffb5fc06000 	C:\WINDOWS\SYSTEM32\dhcpcsvc6.DLL
0x00007ffb625b0000 - 0x00007ffb625cc000 	C:\WINDOWS\SYSTEM32\dhcpcsvc.DLL
0x00007ffb6c9e0000 - 0x00007ffb6caab000 	C:\WINDOWS\SYSTEM32\DNSAPI.dll

VM Arguments:
jvm_args: -javaagent:C:\Program Files\JetBrains\IntelliJ IDEA 2019.2.4\lib\idea_rt.jar=60939:C:\Program Files\JetBrains\IntelliJ IDEA 2019.2.4\bin -Dfile.encoding=UTF-8 
java_command: com.epam.esm.web.Main
java_class_path (initial): C:\Program Files\Java\jdk1.8.0_251\jre\lib\charsets.jar;C:\Program Files\Java\jdk1.8.0_251\jre\lib\deploy.jar;C:\Program Files\Java\jdk1.8.0_251\jre\lib\ext\access-bridge-64.jar;C:\Program Files\Java\jdk1.8.0_251\jre\lib\ext\cldrdata.jar;C:\Program Files\Java\jdk1.8.0_251\jre\lib\ext\dnsns.jar;C:\Program Files\Java\jdk1.8.0_251\jre\lib\ext\jaccess.jar;C:\Program Files\Java\jdk1.8.0_251\jre\lib\ext\jfxrt.jar;C:\Program Files\Java\jdk1.8.0_251\jre\lib\ext\localedata.jar;C:\Program Files\Java\jdk1.8.0_251\jre\lib\ext\nashorn.jar;C:\Program Files\Java\jdk1.8.0_251\jre\lib\ext\sunec.jar;C:\Program Files\Java\jdk1.8.0_251\jre\lib\ext\sunjce_provider.jar;C:\Program Files\Java\jdk1.8.0_251\jre\lib\ext\sunmscapi.jar;C:\Program Files\Java\jdk1.8.0_251\jre\lib\ext\sunpkcs11.jar;C:\Program Files\Java\jdk1.8.0_251\jre\lib\ext\zipfs.jar;C:\Program Files\Java\jdk1.8.0_251\jre\lib\javaws.jar;C:\Program Files\Java\jdk1.8.0_251\jre\lib\jce.jar;C:\Program Files\Java\jdk1.8.0_251\jre\lib\jfr.jar;C:\Program Files\Java\jdk1.8.0_251\jre\lib\jfxswt.jar;C:\Program Files\Java\jdk1.8.0_251\jre\lib\jsse.jar;C:\Program Files\Java\jdk1.8.0_251\jre\lib\management-agent.jar;C:\Program Files\Java\jdk1.8.0_251\jre\lib\plugin.jar;C:\Program Files\Java\jdk1.8.0_251\jre\lib\resources.jar;C:\Program Files\Java\jdk1.8.0_251\jre\lib\rt.jar;C:\Users\iland\Downloads\certificate_app\web\out\production\classes;C:\Users\iland\Downloads\certificate_app\web\out\production\resources;C:\Users\iland\.gradle\caches\modules-2\files-2.1\com.fasterxml.jackson.datatype\jackson-datatype-jsr310\2.11.0\168b2d0e11478b9f0a1bfccd62d6b5e8547b1e6f\jackson-datatype-jsr310-2.11.0.jar;C:\Users\iland\.gradle\caches\modules-2\files-2.1\com.fasterxml.jackson.core\jackson-databind\2.11.0\8f5aaf3878b0647ff3a16610af53b1a5c05d9f15\jackson-databind-2.11.0.jar;C:\Users\iland\.gradle\caches\modules-2\files-2.1\javax.validation\validation-api\2.0.1.Final\cb855558e6271b1b32e716d24cb85c7f583ce09e\validation-api-2.0
Launcher Type: SUN_STANDARD

Environment Variables:
JAVA_HOME=C:\Program Files\Java\jdk1.8.0_251
PATH=C:\Program Files (x86)\Common Files\Oracle\Java\javapath;C:\WINDOWS\system32;C:\WINDOWS;C:\WINDOWS\System32\Wbem;C:\WINDOWS\System32\WindowsPowerShell\v1.0\;C:\Program Files\maven\bin;C:\Program Files\Java\jdk1.8.0_251\bin;C:\WINDOWS\System32\OpenSSH\;C:\Program Files\Git\cmd;C:\Program Files\MySQL\MySQL Shell 8.0\bin\;C:\Program Files\heroku\bin;C:\Users\iland\AppData\Local\Microsoft\WindowsApps;C:\Program Files (x86)\Vim\vim82;C:\Program Files\gradle-6.4.1\bin;
USERNAME=iland
OS=Windows_NT
PROCESSOR_IDENTIFIER=Intel64 Family 6 Model 142 Stepping 9, GenuineIntel



---------------  S Y S T E M  ---------------

OS: Windows 10.0 , 64 bit Build 18362 (10.0.18362.778)

CPU:total 4 (initial active 4) (2 cores per cpu, 2 threads per core) family 6 model 142 stepping 9, cmov, cx8, fxsr, mmx, sse, sse2, sse3, ssse3, sse4.1, sse4.2, popcnt, avx, avx2, aes, clmul, erms, 3dnowpref, lzcnt, ht, tsc, tscinvbit, bmi1, bmi2, adx

Memory: 4k page, physical 8303528k(1694816k free), swap 10258344k(5272k free)

vm_info: Java HotSpot(TM) 64-Bit Server VM (25.251-b08) for windows-amd64 JRE (1.8.0_251-b08), built on Mar 12 2020 06:31:49 by "" with MS VC++ 10.0 (VS2010)

time: Fri Jun 05 10:11:03 2020
timezone: RTZ 2 (зима)
elapsed time: 4 seconds (0d 0h 0m 4s)

