0 info it worked if it ends with ok
1 verbose cli [
1 verbose cli   'C:\\Program Files\\nodejs\\node.exe',
1 verbose cli   'C:\\Users\\iland\\AppData\\Roaming\\npm\\node_modules\\npm\\bin\\npm-cli.js',
1 verbose cli   'start',
1 verbose cli   'webpack',
1 verbose cli   '--cache=true',
1 verbose cli   '--hot=true'
1 verbose cli ]
2 info using npm@6.14.8
3 info using node@v14.10.1
4 verbose run-script [ 'prestart', 'start', 'poststart' ]
5 info lifecycle certificate-angular@0.0.0~prestart: certificate-angular@0.0.0
6 info lifecycle certificate-angular@0.0.0~start: certificate-angular@0.0.0
7 verbose lifecycle certificate-angular@0.0.0~start: unsafe-perm in lifecycle true
8 verbose lifecycle certificate-angular@0.0.0~start: PATH: C:\Users\iland\AppData\Roaming\npm\node_modules\npm\node_modules\npm-lifecycle\node-gyp-bin;C:\Users\iland\Documents\certificate-angular\node_modules\.bin;C:\Users\iland\Documents\certificate-angular\node_modules\.bin;C:\Python38\Scripts\;C:\Python38\;C:\Program Files\Common Files\Oracle\Java\javapath;C:\Program Files (x86)\Common Files\Oracle\Java\javapath;C:\WINDOWS\system32;C:\WINDOWS;C:\WINDOWS\System32\Wbem;C:\WINDOWS\System32\WindowsPowerShell\v1.0\;C:\Program Files\maven\bin;C:\Program Files\Java\jdk-11.0.8\bin;C:\WINDOWS\System32\OpenSSH\;C:\Program Files\Git\cmd;C:\ProgramData\chocolatey\bin;C:\Program Files\nodejs\;C:\Program Files\MySQL\MySQL Shell 8.0\bin\;C:\Program Files\heroku\bin;C:\Users\iland\AppData\Local\Microsoft\WindowsApps;C:\Program Files (x86)\Vim\vim82;C:\Program Files\gradle-6.4.1\bin;C:\sonarqube-8.4.1.35646;C:\Users\iland\AppData\Local\Programs\Microsoft VS Code\bin;C:\Users\iland\AppData\Roaming\npm
9 verbose lifecycle certificate-angular@0.0.0~start: CWD: C:\Users\iland\Documents\certificate-angular
10 silly lifecycle certificate-angular@0.0.0~start: Args: [ '/d /s /c', 'ng serve --proxy-config proxy.conf.json "webpack"' ]
11 info lifecycle certificate-angular@0.0.0~start: Failed to exec start script
12 verbose stack Error: certificate-angular@0.0.0 start: `ng serve --proxy-config proxy.conf.json "webpack"`
12 verbose stack spawn ENOENT
12 verbose stack     at ChildProcess.<anonymous> (C:\Users\iland\AppData\Roaming\npm\node_modules\npm\node_modules\npm-lifecycle\lib\spawn.js:48:18)
12 verbose stack     at ChildProcess.emit (events.js:314:20)
12 verbose stack     at maybeClose (internal/child_process.js:1047:16)
12 verbose stack     at Process.ChildProcess._handle.onexit (internal/child_process.js:287:5)
13 verbose pkgid certificate-angular@0.0.0
14 verbose cwd C:\Users\iland\Documents\certificate-angular
15 verbose Windows_NT 10.0.18363
16 verbose argv "C:\\Program Files\\nodejs\\node.exe" "C:\\Users\\iland\\AppData\\Roaming\\npm\\node_modules\\npm\\bin\\npm-cli.js" "start" "webpack" "--cache=true" "--hot=true"
17 verbose node v14.10.1
18 verbose npm  v6.14.8
19 error code ELIFECYCLE
20 error syscall spawn
21 error file C:\WINDOWS\system32\cmd.exe
22 error errno ENOENT
23 error certificate-angular@0.0.0 start: `ng serve --proxy-config proxy.conf.json "webpack"`
23 error spawn ENOENT
24 error Failed at the certificate-angular@0.0.0 start script.
24 error This is probably not a problem with npm. There is likely additional logging output above.
25 verbose exit [ 1, true ]
