2020-06-02 16:56:18 INFO  ContextLoader:271 - Root WebApplicationContext: initialization started
2020-06-02 16:56:21 INFO  Version:21 - HV000001: Hibernate Validator 6.1.5.Final
2020-06-02 16:56:22 INFO  ContextLoader:307 - Root WebApplicationContext initialized in 4344 ms
2020-06-02 17:13:38 INFO  ContextLoader:271 - Root WebApplicationContext: initialization started
2020-06-02 17:13:43 INFO  Version:21 - HV000001: Hibernate Validator 6.1.5.Final
2020-06-02 17:13:46 INFO  ContextLoader:307 - Root WebApplicationContext initialized in 8372 ms
2020-06-02 17:13:46 INFO  DispatcherServlet:525 - Initializing Servlet 'dispatcher'
2020-06-02 17:13:46 INFO  DispatcherServlet:547 - Completed initialization in 104 ms
2020-06-04 23:05:15 INFO  ContextLoader:271 - Root WebApplicationContext: initialization started
2020-06-04 23:05:17 INFO  Version:21 - HV000001: Hibernate Validator 6.1.5.Final
2020-06-04 23:05:18 INFO  ContextLoader:307 - Root WebApplicationContext initialized in 3582 ms
2020-06-04 23:05:18 INFO  DispatcherServlet:525 - Initializing Servlet 'dispatcher'
2020-06-04 23:05:18 INFO  DispatcherServlet:547 - Completed initialization in 51 ms
2020-06-04 23:10:16 INFO  ContextLoader:271 - Root WebApplicationContext: initialization started
2020-06-04 23:10:20 INFO  Version:21 - HV000001: Hibernate Validator 6.1.5.Final
2020-06-04 23:10:21 INFO  ContextLoader:307 - Root WebApplicationContext initialized in 5320 ms
2020-06-04 23:10:21 INFO  DispatcherServlet:525 - Initializing Servlet 'dispatcher'
2020-06-04 23:10:21 INFO  DispatcherServlet:547 - Completed initialization in 58 ms
2020-06-05 10:11:52 INFO  ContextLoader:271 - Root WebApplicationContext: initialization started
2020-06-05 10:11:56 INFO  Version:21 - HV000001: Hibernate Validator 6.1.5.Final
2020-06-05 10:11:57 INFO  ContextLoader:307 - Root WebApplicationContext initialized in 5142 ms
2020-06-05 10:11:57 INFO  DispatcherServlet:525 - Initializing Servlet 'dispatcher'
2020-06-05 10:11:57 INFO  DispatcherServlet:547 - Completed initialization in 43 ms
2020-06-05 10:14:10 INFO  ContextLoader:271 - Root WebApplicationContext: initialization started
2020-06-05 10:14:14 INFO  Version:21 - HV000001: Hibernate Validator 6.1.5.Final
2020-06-05 10:14:16 INFO  ContextLoader:307 - Root WebApplicationContext initialized in 5601 ms
2020-06-05 10:14:16 INFO  DispatcherServlet:525 - Initializing Servlet 'dispatcher'
2020-06-05 10:14:16 INFO  DispatcherServlet:547 - Completed initialization in 51 ms
2020-06-05 10:45:44 INFO  ContextLoader:271 - Root WebApplicationContext: initialization started
2020-06-05 10:45:49 INFO  Version:21 - HV000001: Hibernate Validator 6.1.5.Final
2020-06-05 10:45:50 INFO  ContextLoader:307 - Root WebApplicationContext initialized in 5574 ms
2020-06-05 10:45:50 INFO  DispatcherServlet:525 - Initializing Servlet 'dispatcher'
2020-06-05 10:45:50 INFO  DispatcherServlet:547 - Completed initialization in 61 ms
2020-06-05 10:46:56 INFO  ContextLoader:271 - Root WebApplicationContext: initialization started
2020-06-05 10:47:01 INFO  Version:21 - HV000001: Hibernate Validator 6.1.5.Final
2020-06-05 10:47:02 INFO  ContextLoader:307 - Root WebApplicationContext initialized in 5792 ms
2020-06-05 10:47:02 INFO  DispatcherServlet:525 - Initializing Servlet 'dispatcher'
2020-06-05 10:47:02 INFO  DispatcherServlet:547 - Completed initialization in 213 ms
2020-06-05 10:49:55 WARN  DefaultHandlerExceptionResolver:199 - Resolved [org.springframework.web.method.annotation.MethodArgumentTypeMismatchException: Failed to convert value of type 'java.lang.String' to required type 'java.lang.Long'; nested exception is java.lang.NumberFormatException: For input string: "127q"]
2020-06-05 10:50:09 INFO  CertificateRepositoryDefault:73 - There is no certificate id = 1270
org.springframework.dao.EmptyResultDataAccessException: Incorrect result size: expected 1, actual 0
	at org.springframework.dao.support.DataAccessUtils.nullableSingleResult(DataAccessUtils.java:97)
	at org.springframework.jdbc.core.JdbcTemplate.queryForObject(JdbcTemplate.java:784)
	at com.epam.esm.repository.CertificateRepositoryDefault.get(CertificateRepositoryDefault.java:71)
	at com.epam.esm.repository.CertificateRepositoryDefault.get(CertificateRepositoryDefault.java:17)
	at com.epam.esm.service.CertificateServiceDefault.get(CertificateServiceDefault.java:115)
	at com.epam.esm.service.CertificateServiceDefault.get(CertificateServiceDefault.java:21)
	at com.epam.esm.web.CertificateController.getCertificate(CertificateController.java:37)
	at sun.reflect.NativeMethodAccessorImpl.invoke0(Native Method)
	at sun.reflect.NativeMethodAccessorImpl.invoke(NativeMethodAccessorImpl.java:62)
	at sun.reflect.DelegatingMethodAccessorImpl.invoke(DelegatingMethodAccessorImpl.java:43)
	at java.lang.reflect.Method.invoke(Method.java:498)
	at org.springframework.web.method.support.InvocableHandlerMethod.doInvoke(InvocableHandlerMethod.java:190)
	at org.springframework.web.method.support.InvocableHandlerMethod.invokeForRequest(InvocableHandlerMethod.java:138)
	at org.springframework.web.servlet.mvc.method.annotation.ServletInvocableHandlerMethod.invokeAndHandle(ServletInvocableHandlerMethod.java:105)
	at org.springframework.web.servlet.mvc.method.annotation.RequestMappingHandlerAdapter.invokeHandlerMethod(RequestMappingHandlerAdapter.java:879)
	at org.springframework.web.servlet.mvc.method.annotation.RequestMappingHandlerAdapter.handleInternal(RequestMappingHandlerAdapter.java:793)
	at org.springframework.web.servlet.mvc.method.AbstractHandlerMethodAdapter.handle(AbstractHandlerMethodAdapter.java:87)
	at org.springframework.web.servlet.DispatcherServlet.doDispatch(DispatcherServlet.java:1040)
	at org.springframework.web.servlet.DispatcherServlet.doService(DispatcherServlet.java:943)
	at org.springframework.web.servlet.FrameworkServlet.processRequest(FrameworkServlet.java:1006)
	at org.springframework.web.servlet.FrameworkServlet.doGet(FrameworkServlet.java:898)
	at javax.servlet.http.HttpServlet.service(HttpServlet.java:645)
	at org.springframework.web.servlet.FrameworkServlet.service(FrameworkServlet.java:883)
	at javax.servlet.http.HttpServlet.service(HttpServlet.java:750)
	at org.apache.catalina.core.ApplicationFilterChain.internalDoFilter(ApplicationFilterChain.java:231)
	at org.apache.catalina.core.ApplicationFilterChain.doFilter(ApplicationFilterChain.java:166)
	at org.apache.catalina.core.StandardWrapperValve.invoke(StandardWrapperValve.java:199)
	at org.apache.catalina.core.StandardContextValve.invoke(StandardContextValve.java:96)
	at org.apache.catalina.authenticator.AuthenticatorBase.invoke(AuthenticatorBase.java:478)
	at org.apache.catalina.core.StandardHostValve.invoke(StandardHostValve.java:140)
	at org.apache.catalina.valves.ErrorReportValve.invoke(ErrorReportValve.java:81)
	at org.apache.catalina.core.StandardEngineValve.invoke(StandardEngineValve.java:87)
	at org.apache.catalina.connector.CoyoteAdapter.service(CoyoteAdapter.java:342)
	at org.apache.coyote.http11.Http11Processor.service(Http11Processor.java:803)
	at org.apache.coyote.AbstractProcessorLight.process(AbstractProcessorLight.java:66)
	at org.apache.coyote.AbstractProtocol$ConnectionHandler.process(AbstractProtocol.java:868)
	at org.apache.tomcat.util.net.NioEndpoint$SocketProcessor.doRun(NioEndpoint.java:1459)
	at org.apache.tomcat.util.net.SocketProcessorBase.run(SocketProcessorBase.java:49)
	at java.util.concurrent.ThreadPoolExecutor.runWorker(ThreadPoolExecutor.java:1149)
	at java.util.concurrent.ThreadPoolExecutor$Worker.run(ThreadPoolExecutor.java:624)
	at org.apache.tomcat.util.threads.TaskThread$WrappingRunnable.run(TaskThread.java:61)
	at java.lang.Thread.run(Thread.java:748)
2020-06-05 10:57:16 INFO  ContextLoader:271 - Root WebApplicationContext: initialization started
2020-06-05 10:57:20 INFO  Version:21 - HV000001: Hibernate Validator 6.1.5.Final
2020-06-05 10:57:22 INFO  ContextLoader:307 - Root WebApplicationContext initialized in 5294 ms
2020-06-05 10:57:22 INFO  DispatcherServlet:525 - Initializing Servlet 'dispatcher'
2020-06-05 10:57:22 INFO  DispatcherServlet:547 - Completed initialization in 85 ms
